Using pre-set license
Built from '2020.3/release' branch; Version is '2020.3.34f1 (9a4c9c70452b) revision 10112156'; Using compiler version '192528614'; Build Type 'Release'
OS: 'Windows 10  (10.0.19043) 64bit Professional' Language: 'pt' Physical Memory: 8140 MB
BatchMode: 1, IsHumanControllingUs: 0, StartBugReporterOnCrash: 0, Is64bit: 1, IsPro: 0

COMMAND LINE ARGUMENTS:
C:\Program Files\Unity\Hub\Editor\2020.3.34f1\Editor\Unity.exe
-adb2
-batchMode
-noUpm
-name
AssetImportWorker0
-projectPath
C:/Unity/AR/BillCypher/BillCypher-AR/BillCypher-AR
-logFile
Logs/AssetImportWorker0.log
-srvPort
56473
Successfully changed project path to: C:/Unity/AR/BillCypher/BillCypher-AR/BillCypher-AR
C:/Unity/AR/BillCypher/BillCypher-AR/BillCypher-AR
Using Asset Import Pipeline V2.
Refreshing native plugins compatible for Editor in 54.30 ms, found 2 plugins.
Preloading 0 native plugins for Editor in 0.00 ms.
Initialize engine version: 2020.3.34f1 (9a4c9c70452b)
[Subsystems] Discovering subsystems at path C:/Program Files/Unity/Hub/Editor/2020.3.34f1/Editor/Data/Resources/UnitySubsystems
[Subsystems] Discovering subsystems at path C:/Unity/AR/BillCypher/BillCypher-AR/BillCypher-AR/Assets
GfxDevice: creating device client; threaded=0
Direct3D:
    Version:  Direct3D 11.0 [level 11.1]
    Renderer: NVIDIA GeForce RTX 2060 (ID=0x1f08)
    Vendor:   
    VRAM:     5980 MB
    Driver:   30.0.14.9709
Initialize mono
Mono path[0] = 'C:/Program Files/Unity/Hub/Editor/2020.3.34f1/Editor/Data/Managed'
Mono path[1] = 'C:/Program Files/Unity/Hub/Editor/2020.3.34f1/Editor/Data/MonoBleedingEdge/lib/mono/unityjit'
Mono config path = 'C:/Program Files/Unity/Hub/Editor/2020.3.34f1/Editor/Data/MonoBleedingEdge/etc'
Using monoOptions --debugger-agent=transport=dt_socket,embedding=1,server=y,suspend=n,address=127.0.0.1:56504
Begin MonoManager ReloadAssembly
Registering precompiled unity dll's ...
Register platform support module: C:/Program Files/Unity/Hub/Editor/2020.3.34f1/Editor/Data/PlaybackEngines/WindowsStandaloneSupport/UnityEditor.WindowsStandalone.Extensions.dll
Registered in 0.001944 seconds.
Native extension for WindowsStandalone target not found
Refreshing native plugins compatible for Editor in 50.12 ms, found 2 plugins.
Preloading 0 native plugins for Editor in 0.00 ms.
Mono: successfully reloaded assembly
- Completed reload, in  0.517 seconds
Domain Reload Profiling:
	ReloadAssembly (517ms)
		BeginReloadAssembly (60ms)
			ExecutionOrderSort (0ms)
			DisableScriptedObjects (0ms)
			BackupInstance (0ms)
			ReleaseScriptingObjects (0ms)
			CreateAndSetChildDomain (1ms)
		EndReloadAssembly (393ms)
			LoadAssemblies (57ms)
			RebuildTransferFunctionScriptingTraits (0ms)
			SetupTypeCache (121ms)
			ReleaseScriptCaches (0ms)
			RebuildScriptCaches (25ms)
			SetupLoadedEditorAssemblies (157ms)
				LogAssemblyErrors (0ms)
				InitializePlatformSupportModulesInManaged (4ms)
				SetLoadedEditorAssemblies (0ms)
				RefreshPlugins (50ms)
				BeforeProcessingInitializeOnLoad (14ms)
				ProcessInitializeOnLoadAttributes (66ms)
				ProcessInitializeOnLoadMethodAttributes (22ms)
				AfterProcessingInitializeOnLoad (0ms)
				EditorAssembliesLoaded (0ms)
			ExecutionOrderSort2 (0ms)
			AwakeInstancesAfterBackupRestoration (0ms)
Platform modules already initialized, skipping
Registering precompiled user dll's ...
Registered in 0.003618 seconds.
Begin MonoManager ReloadAssembly
Native extension for WindowsStandalone target not found
Refreshing native plugins compatible for Editor in 50.94 ms, found 2 plugins.
Preloading 0 native plugins for Editor in 0.00 ms.
Mono: successfully reloaded assembly
- Completed reload, in  1.020 seconds
Domain Reload Profiling:
	ReloadAssembly (1021ms)
		BeginReloadAssembly (139ms)
			ExecutionOrderSort (0ms)
			DisableScriptedObjects (4ms)
			BackupInstance (0ms)
			ReleaseScriptingObjects (0ms)
			CreateAndSetChildDomain (20ms)
		EndReloadAssembly (821ms)
			LoadAssemblies (97ms)
			RebuildTransferFunctionScriptingTraits (0ms)
			SetupTypeCache (263ms)
			ReleaseScriptCaches (1ms)
			RebuildScriptCaches (43ms)
			SetupLoadedEditorAssemblies (327ms)
				LogAssemblyErrors (0ms)
				InitializePlatformSupportModulesInManaged (3ms)
				SetLoadedEditorAssemblies (0ms)
				RefreshPlugins (51ms)
				BeforeProcessingInitializeOnLoad (92ms)
				ProcessInitializeOnLoadAttributes (163ms)
				ProcessInitializeOnLoadMethodAttributes (11ms)
				AfterProcessingInitializeOnLoad (7ms)
				EditorAssembliesLoaded (0ms)
			ExecutionOrderSort2 (0ms)
			AwakeInstancesAfterBackupRestoration (1ms)
Platform modules already initialized, skipping
========================================================================
Worker process is ready to serve import requests
Launched and connected shader compiler UnityShaderCompiler.exe after 0.12 seconds
Refreshing native plugins compatible for Editor in 0.70 ms, found 2 plugins.
Preloading 0 native plugins for Editor in 0.00 ms.
Unloading 3161 Unused Serialized files (Serialized files now loaded: 0)
System memory in use before: 135.4 MB.
System memory in use after: 135.6 MB.

Unloading 19 unused Assets to reduce memory usage. Loaded Objects now: 3597.
Total: 3.805200 ms (FindLiveObjects: 0.304700 ms CreateObjectMapping: 0.089700 ms MarkObjects: 3.323500 ms  DeleteObjects: 0.086300 ms)

AssetImportParameters requested are different than current active one (requested -> active):
  custom:framework-win-MediaFoundation: 216162199b28c13a410421893ffa2e32 -> 
  custom:video-decoder-ogg-theora: a1e56fd34408186e4bbccfd4996cb3dc -> 
  custom:container-muxer-webm: aa71ff27fc2769a1b78a27578f13a17b -> 
  custom:container-demuxer-webm: 4f35f7cbe854078d1ac9338744f61a02 -> 
  custom:container-demuxer-ogg: 62fdf1f143b41e24485cea50d1cbac27 -> 
  custom:video-encoder-webm-vp8: eb34c28f22e8b96e1ab97ce403110664 -> 
  custom:video-decoder-webm-vp8: 9c59270c3fd7afecdb556c50c9e8de78 -> 
  custom:audio-decoder-ogg-vorbis: bf7c407c2cedff20999df2af8eb42d56 -> 
  custom:audio-encoder-webm-vorbis: bf7c407c2cedff20999df2af8eb42d56 -> 
========================================================================
Received Import Request.
  path: Assets
  artifactKey: Guid(00000000000000001000000000000000) Importer(815301076,1909f56bfc062723c751e8b465ee728b)
Start importing Assets using Guid(00000000000000001000000000000000) Importer(815301076,1909f56bfc062723c751e8b465ee728b)  -> (artifact id: '42d402b061de3733987d63b9cc3b64de') in 0.012016 seconds 
========================================================================
Received Import Request.
  Time since last request: 6.655925 seconds.
  path: Assets/Img
  artifactKey: Guid(0e458227cd9d6bd438128af9de562f14) Importer(815301076,1909f56bfc062723c751e8b465ee728b)
Start importing Assets/Img using Guid(0e458227cd9d6bd438128af9de562f14) Importer(815301076,1909f56bfc062723c751e8b465ee728b)  -> (artifact id: 'a8029eaa7321c8c3d1f2f92491cf2399') in 0.007677 seconds 
========================================================================
Received Import Request.
  Time since last request: 31.018554 seconds.
  path: Assets/Img Library
  artifactKey: Guid(0e458227cd9d6bd438128af9de562f14) Importer(815301076,1909f56bfc062723c751e8b465ee728b)
Start importing Assets/Img Library using Guid(0e458227cd9d6bd438128af9de562f14) Importer(815301076,1909f56bfc062723c751e8b465ee728b)  -> (artifact id: 'fd4eacbefec37aae88e62ceb9f2b28c4') in 0.007186 seconds 
========================================================================
Received Import Request.
  Time since last request: 5.862079 seconds.
  path: Assets/Img Library/Imgs
  artifactKey: Guid(a23a19fb8ee2fb7468e9c2923d2ef9f8) Importer(815301076,1909f56bfc062723c751e8b465ee728b)
Start importing Assets/Img Library/Imgs using Guid(a23a19fb8ee2fb7468e9c2923d2ef9f8) Importer(815301076,1909f56bfc062723c751e8b465ee728b)  -> (artifact id: '79ac0f8e22cd9e2a00cc754ad7c6c2d2') in 0.006985 seconds 
========================================================================
Received Import Request.
  Time since last request: 17.907748 seconds.
  path: Assets/Img Library/ReferenceImageLibrary.asset
  artifactKey: Guid(86834927b749bcb41af239ca92f1344e) Importer(815301076,1909f56bfc062723c751e8b465ee728b)
Start importing Assets/Img Library/ReferenceImageLibrary.asset using Guid(86834927b749bcb41af239ca92f1344e) Importer(815301076,1909f56bfc062723c751e8b465ee728b)  -> (artifact id: '7b5a2b57414e121042127e13723d8731') in 0.048508 seconds 
========================================================================
Received Import Request.
  Time since last request: 4.224674 seconds.
  path: Assets/Img Library/Imgs/WhatsApp Image 2022-03-11 at 20.29.16.jpeg
  artifactKey: Guid(e10cb36d9e16b7d4280361da69d2d1fe) Importer(815301076,1909f56bfc062723c751e8b465ee728b)
Start importing Assets/Img Library/Imgs/WhatsApp Image 2022-03-11 at 20.29.16.jpeg using Guid(e10cb36d9e16b7d4280361da69d2d1fe) Importer(815301076,1909f56bfc062723c751e8b465ee728b)  -> (artifact id: '1cc4dd5b19469d4419c4139666461e7c') in 0.076010 seconds 
========================================================================
Received Import Request.
  Time since last request: 73.811728 seconds.
  path: Assets/Prefabs
  artifactKey: Guid(a582f4c7ca1d22b4e89608248eee3d73) Importer(815301076,1909f56bfc062723c751e8b465ee728b)
Start importing Assets/Prefabs using Guid(a582f4c7ca1d22b4e89608248eee3d73) Importer(815301076,1909f56bfc062723c751e8b465ee728b)  -> (artifact id: 'a85a2c5280ff9c37c4fe00275a50867c') in 0.006056 seconds 
========================================================================
Received Import Request.
  Time since last request: 2.514707 seconds.
  path: Assets/Prefabs/Cube.prefab
  artifactKey: Guid(c50aeff7c58312349896208a68578318) Importer(815301076,1909f56bfc062723c751e8b465ee728b)
Start importing Assets/Prefabs/Cube.prefab using Guid(c50aeff7c58312349896208a68578318) Importer(815301076,1909f56bfc062723c751e8b465ee728b)  -> (artifact id: '5893062d1f097cb1d7ec6f8bce0a0005') in 0.162633 seconds 
========================================================================
Received Prepare
Refreshing native plugins compatible for Editor in 3.54 ms, found 2 plugins.
Preloading 0 native plugins for Editor in 0.00 ms.
Unloading 11 Unused Serialized files (Serialized files now loaded: 0)
System memory in use before: 72.2 MB.
System memory in use after: 72.5 MB.

Unloading 10 unused Assets to reduce memory usage. Loaded Objects now: 3673.
Total: 4.728600 ms (FindLiveObjects: 0.345400 ms CreateObjectMapping: 0.079100 ms MarkObjects: 4.282900 ms  DeleteObjects: 0.020600 ms)

AssetImportParameters requested are different than current active one (requested -> active):
  custom:framework-win-MediaFoundation: 216162199b28c13a410421893ffa2e32 -> 
  custom:video-decoder-ogg-theora: a1e56fd34408186e4bbccfd4996cb3dc -> 
  custom:container-muxer-webm: aa71ff27fc2769a1b78a27578f13a17b -> 
  custom:container-demuxer-webm: 4f35f7cbe854078d1ac9338744f61a02 -> 
  custom:container-demuxer-ogg: 62fdf1f143b41e24485cea50d1cbac27 -> 
  custom:video-encoder-webm-vp8: eb34c28f22e8b96e1ab97ce403110664 -> 
  custom:video-decoder-webm-vp8: 9c59270c3fd7afecdb556c50c9e8de78 -> 
  custom:audio-decoder-ogg-vorbis: bf7c407c2cedff20999df2af8eb42d56 -> 
  custom:audio-encoder-webm-vorbis: bf7c407c2cedff20999df2af8eb42d56 -> 
========================================================================
Received Import Request.
  Time since last request: 274.812139 seconds.
  path: Assets/Models
  artifactKey: Guid(68edcdac9014eac4494a4ff6edf0d422) Importer(815301076,1909f56bfc062723c751e8b465ee728b)
Start importing Assets/Models using Guid(68edcdac9014eac4494a4ff6edf0d422) Importer(815301076,1909f56bfc062723c751e8b465ee728b)  -> (artifact id: 'dc74e06044a275d5f5e59916ea718b65') in 0.006788 seconds 
========================================================================
Received Import Request.
  Time since last request: 31.445724 seconds.
  path: Assets/Prefabs/Bill-Cypher.prefab
  artifactKey: Guid(668894ae2ce3b584f92934862dfd7e37) Importer(815301076,1909f56bfc062723c751e8b465ee728b)
Start importing Assets/Prefabs/Bill-Cypher.prefab using Guid(668894ae2ce3b584f92934862dfd7e37) Importer(815301076,1909f56bfc062723c751e8b465ee728b)  -> (artifact id: '61a722b9e1607076858bb21d74a341c2') in 0.048183 seconds 
========================================================================
Received Prepare
Refreshing native plugins compatible for Editor in 3.13 ms, found 2 plugins.
Preloading 0 native plugins for Editor in 0.00 ms.
Unloading 10 Unused Serialized files (Serialized files now loaded: 0)
System memory in use before: 85.8 MB.
System memory in use after: 86.0 MB.

Unloading 10 unused Assets to reduce memory usage. Loaded Objects now: 3674.
Total: 5.217400 ms (FindLiveObjects: 0.391800 ms CreateObjectMapping: 0.082300 ms MarkObjects: 4.721200 ms  DeleteObjects: 0.021500 ms)

AssetImportParameters requested are different than current active one (requested -> active):
  custom:framework-win-MediaFoundation: 216162199b28c13a410421893ffa2e32 -> 
  custom:video-decoder-ogg-theora: a1e56fd34408186e4bbccfd4996cb3dc -> 
  custom:container-muxer-webm: aa71ff27fc2769a1b78a27578f13a17b -> 
  custom:container-demuxer-webm: 4f35f7cbe854078d1ac9338744f61a02 -> 
  custom:container-demuxer-ogg: 62fdf1f143b41e24485cea50d1cbac27 -> 
  custom:video-encoder-webm-vp8: eb34c28f22e8b96e1ab97ce403110664 -> 
  custom:video-decoder-webm-vp8: 9c59270c3fd7afecdb556c50c9e8de78 -> 
  custom:audio-decoder-ogg-vorbis: bf7c407c2cedff20999df2af8eb42d56 -> 
  custom:audio-encoder-webm-vorbis: bf7c407c2cedff20999df2af8eb42d56 -> 
========================================================================
Received Import Request.
  Time since last request: 185.184416 seconds.
  path: Assets/Prefabs/Bill-Cypher.prefab
  artifactKey: Guid(668894ae2ce3b584f92934862dfd7e37) Importer(815301076,1909f56bfc062723c751e8b465ee728b)
Start importing Assets/Prefabs/Bill-Cypher.prefab using Guid(668894ae2ce3b584f92934862dfd7e37) Importer(815301076,1909f56bfc062723c751e8b465ee728b)  -> (artifact id: '3dffbd090e6e2110b0182e943d39909f') in 0.029408 seconds 
========================================================================
Received Import Request.
  Time since last request: 1.756039 seconds.
  path: Assets/Prefabs/Bill-Cypher.prefab
  artifactKey: Guid(668894ae2ce3b584f92934862dfd7e37) Importer(815301076,1909f56bfc062723c751e8b465ee728b)
Start importing Assets/Prefabs/Bill-Cypher.prefab using Guid(668894ae2ce3b584f92934862dfd7e37) Importer(815301076,1909f56bfc062723c751e8b465ee728b)  -> (artifact id: '616be6d47aa25b9279dddf73faf16109') in 0.020326 seconds 
========================================================================
Received Import Request.
  Time since last request: 1.577437 seconds.
  path: Assets/Prefabs/Bill-Cypher.prefab
  artifactKey: Guid(668894ae2ce3b584f92934862dfd7e37) Importer(815301076,1909f56bfc062723c751e8b465ee728b)
Start importing Assets/Prefabs/Bill-Cypher.prefab using Guid(668894ae2ce3b584f92934862dfd7e37) Importer(815301076,1909f56bfc062723c751e8b465ee728b)  -> (artifact id: '5c1b11100db26f3a52fc464f4556b081') in 0.025500 seconds 
========================================================================
Received Prepare
Refreshing native plugins compatible for Editor in 3.34 ms, found 2 plugins.
Preloading 0 native plugins for Editor in 0.00 ms.
Unloading 10 Unused Serialized files (Serialized files now loaded: 0)
System memory in use before: 85.8 MB.
System memory in use after: 86.0 MB.

Unloading 10 unused Assets to reduce memory usage. Loaded Objects now: 3674.
Total: 4.991200 ms (FindLiveObjects: 0.437400 ms CreateObjectMapping: 0.084300 ms MarkObjects: 4.442300 ms  DeleteObjects: 0.026300 ms)

AssetImportParameters requested are different than current active one (requested -> active):
  custom:framework-win-MediaFoundation: 216162199b28c13a410421893ffa2e32 -> 
  custom:video-decoder-ogg-theora: a1e56fd34408186e4bbccfd4996cb3dc -> 
  custom:container-muxer-webm: aa71ff27fc2769a1b78a27578f13a17b -> 
  custom:container-demuxer-webm: 4f35f7cbe854078d1ac9338744f61a02 -> 
  custom:container-demuxer-ogg: 62fdf1f143b41e24485cea50d1cbac27 -> 
  custom:video-encoder-webm-vp8: eb34c28f22e8b96e1ab97ce403110664 -> 
  custom:video-decoder-webm-vp8: 9c59270c3fd7afecdb556c50c9e8de78 -> 
  custom:audio-decoder-ogg-vorbis: bf7c407c2cedff20999df2af8eb42d56 -> 
  custom:audio-encoder-webm-vorbis: bf7c407c2cedff20999df2af8eb42d56 -> 
========================================================================
Received Import Request.
  Time since last request: 289.508271 seconds.
  path: Assets/Prefabs/Bill-Cypher.prefab
  artifactKey: Guid(668894ae2ce3b584f92934862dfd7e37) Importer(815301076,1909f56bfc062723c751e8b465ee728b)
Start importing Assets/Prefabs/Bill-Cypher.prefab using Guid(668894ae2ce3b584f92934862dfd7e37) Importer(815301076,1909f56bfc062723c751e8b465ee728b)  -> (artifact id: 'ecdad12df0ba40ea383ff0cb234af04c') in 0.033322 seconds 
========================================================================
Received Import Request.
  Time since last request: 1.965330 seconds.
  path: Assets/Prefabs/Bill-Cypher.prefab
  artifactKey: Guid(668894ae2ce3b584f92934862dfd7e37) Importer(815301076,1909f56bfc062723c751e8b465ee728b)
Start importing Assets/Prefabs/Bill-Cypher.prefab using Guid(668894ae2ce3b584f92934862dfd7e37) Importer(815301076,1909f56bfc062723c751e8b465ee728b)  -> (artifact id: 'ada32f3fc786f507458fa221eabdc455') in 0.020491 seconds 
========================================================================
Received Import Request.
  Time since last request: 1.580817 seconds.
  path: Assets/Prefabs/Bill-Cypher.prefab
  artifactKey: Guid(668894ae2ce3b584f92934862dfd7e37) Importer(815301076,1909f56bfc062723c751e8b465ee728b)
Start importing Assets/Prefabs/Bill-Cypher.prefab using Guid(668894ae2ce3b584f92934862dfd7e37) Importer(815301076,1909f56bfc062723c751e8b465ee728b)  -> (artifact id: 'ee5d9c8ef5930a89adcc5521bc839285') in 0.035421 seconds 
========================================================================
Received Prepare
Registering precompiled user dll's ...
Registered in 0.004066 seconds.
Begin MonoManager ReloadAssembly
Native extension for WindowsStandalone target not found
Refreshing native plugins compatible for Editor in 0.72 ms, found 2 plugins.
Preloading 0 native plugins for Editor in 0.00 ms.
Mono: successfully reloaded assembly
- Completed reload, in  1.781 seconds
Domain Reload Profiling:
	ReloadAssembly (1783ms)
		BeginReloadAssembly (322ms)
			ExecutionOrderSort (0ms)
			DisableScriptedObjects (42ms)
			BackupInstance (0ms)
			ReleaseScriptingObjects (0ms)
			CreateAndSetChildDomain (168ms)
		EndReloadAssembly (1399ms)
			LoadAssemblies (109ms)
			RebuildTransferFunctionScriptingTraits (0ms)
			SetupTypeCache (275ms)
			ReleaseScriptCaches (1ms)
			RebuildScriptCaches (38ms)
			SetupLoadedEditorAssemblies (859ms)
				LogAssemblyErrors (0ms)
				InitializePlatformSupportModulesInManaged (3ms)
				SetLoadedEditorAssemblies (1ms)
				RefreshPlugins (1ms)
				BeforeProcessingInitializeOnLoad (90ms)
				ProcessInitializeOnLoadAttributes (748ms)
				ProcessInitializeOnLoadMethodAttributes (10ms)
				AfterProcessingInitializeOnLoad (6ms)
				EditorAssembliesLoaded (0ms)
			ExecutionOrderSort2 (0ms)
			AwakeInstancesAfterBackupRestoration (9ms)
Platform modules already initialized, skipping
Switching build target platform(19) subTarget(0) extendedPlatform(0) -> platform(13) subTarget(524288) extendedPlatform(0)
Refreshing native plugins compatible for Editor in 0.71 ms, found 2 plugins.
Preloading 0 native plugins for Editor in 0.00 ms.
Unloading 3272 Unused Serialized files (Serialized files now loaded: 0)
System memory in use before: 154.5 MB.
System memory in use after: 154.7 MB.

Unloading 16 unused Assets to reduce memory usage. Loaded Objects now: 3870.
Total: 3.911200 ms (FindLiveObjects: 0.290400 ms CreateObjectMapping: 0.101400 ms MarkObjects: 3.435900 ms  DeleteObjects: 0.082400 ms)

AssetImportParameters requested are different than current active one (requested -> active):
  custom:framework-win-MediaFoundation: 216162199b28c13a410421893ffa2e32 -> 
  custom:video-decoder-ogg-theora: a1e56fd34408186e4bbccfd4996cb3dc -> 
  custom:container-muxer-webm: aa71ff27fc2769a1b78a27578f13a17b -> 
  custom:container-demuxer-webm: 4f35f7cbe854078d1ac9338744f61a02 -> 
  custom:container-demuxer-ogg: 62fdf1f143b41e24485cea50d1cbac27 -> 
  custom:video-encoder-webm-vp8: eb34c28f22e8b96e1ab97ce403110664 -> 
  custom:video-decoder-webm-vp8: 9c59270c3fd7afecdb556c50c9e8de78 -> 
  custom:graphics/normal-map-encoding: 01000000000000000000000000000000 -> 02000000000000000000000000000000
  custom:audio-decoder-ogg-vorbis: bf7c407c2cedff20999df2af8eb42d56 -> 
  custom:audio-encoder-webm-vorbis: bf7c407c2cedff20999df2af8eb42d56 -> 
========================================================================
Received Import Request.
  Time since last request: 725.912627 seconds.
  path: Assets/Models/Material
  artifactKey: Guid(b7985dd9c05f9794197481979c3a5310) Importer(815301076,1909f56bfc062723c751e8b465ee728b)
Start importing Assets/Models/Material using Guid(b7985dd9c05f9794197481979c3a5310) Importer(815301076,1909f56bfc062723c751e8b465ee728b)  -> (artifact id: '73da29eeec9acaae8af61c53e4fa140c') in 0.012842 seconds 
========================================================================
Received Import Request.
  Time since last request: 4.698454 seconds.
  path: Assets/Models/Bill-Cypher.fbx
  artifactKey: Guid(247a7871321508a42aac1c6227a6cf52) Importer(815301076,1909f56bfc062723c751e8b465ee728b)
Start importing Assets/Models/Bill-Cypher.fbx using Guid(247a7871321508a42aac1c6227a6cf52) Importer(815301076,1909f56bfc062723c751e8b465ee728b)  -> (artifact id: '027a67181ebc047e9f820546f02cb6e4') in 0.886909 seconds 
========================================================================
Received Import Request.
  Time since last request: 9.137833 seconds.
  path: Assets/Models/Bill-Cypher.fbx
  artifactKey: Guid(247a7871321508a42aac1c6227a6cf52) Importer(815301076,1909f56bfc062723c751e8b465ee728b)
Start importing Assets/Models/Bill-Cypher.fbx using Guid(247a7871321508a42aac1c6227a6cf52) Importer(815301076,1909f56bfc062723c751e8b465ee728b)  -> (artifact id: '2644c87458d537ce56bced744a3f63e2') in 0.128437 seconds 
========================================================================
Received Import Request.
  Time since last request: 190.439942 seconds.
  path: Assets/Models/Animations
  artifactKey: Guid(5ef6ed0b2226c5745be9d93b027375d6) Importer(815301076,1909f56bfc062723c751e8b465ee728b)
Start importing Assets/Models/Animations using Guid(5ef6ed0b2226c5745be9d93b027375d6) Importer(815301076,1909f56bfc062723c751e8b465ee728b)  -> (artifact id: '148b6213d58493500b08656f76dfacd5') in 0.007270 seconds 
========================================================================
Received Import Request.
  Time since last request: 1.430003 seconds.
  path: Assets/Models/Animations/Bill-Cypher.controller
  artifactKey: Guid(c8e9a3016fa555a479411698585d22f3) Importer(815301076,1909f56bfc062723c751e8b465ee728b)
Start importing Assets/Models/Animations/Bill-Cypher.controller using Guid(c8e9a3016fa555a479411698585d22f3) Importer(815301076,1909f56bfc062723c751e8b465ee728b)  -> (artifact id: '64c022320b8407c4ea146cf4b0d6ca4f') in 0.007025 seconds 
========================================================================
Received Import Request.
  Time since last request: 5.788830 seconds.
  path: Assets/Models/Animations/Start.anim
  artifactKey: Guid(44b5261a32c05054cad14891eb6c7a6c) Importer(815301076,1909f56bfc062723c751e8b465ee728b)
Start importing Assets/Models/Animations/Start.anim using Guid(44b5261a32c05054cad14891eb6c7a6c) Importer(815301076,1909f56bfc062723c751e8b465ee728b)  -> (artifact id: '4f148a28f2675a9e52e6301114db2599') in 0.008497 seconds 
========================================================================
Received Import Request.
  Time since last request: 4.555443 seconds.
  path: Assets/Models/Animations/Idle.anim
  artifactKey: Guid(44b5261a32c05054cad14891eb6c7a6c) Importer(815301076,1909f56bfc062723c751e8b465ee728b)
Start importing Assets/Models/Animations/Idle.anim using Guid(44b5261a32c05054cad14891eb6c7a6c) Importer(815301076,1909f56bfc062723c751e8b465ee728b)  -> (artifact id: 'fde126d0db440970732f739bc1c07044') in 0.007465 seconds 
========================================================================
Received Import Request.
  Time since last request: 2837.277630 seconds.
  path: Assets/Models/Animations/Start.anim
  artifactKey: Guid(fcfc140130af2d142bd69812ad605262) Importer(815301076,1909f56bfc062723c751e8b465ee728b)
Start importing Assets/Models/Animations/Start.anim using Guid(fcfc140130af2d142bd69812ad605262) Importer(815301076,1909f56bfc062723c751e8b465ee728b)  -> (artifact id: 'bf37e115e1491f5c6e371de864c0b285') in 0.004880 seconds 
========================================================================
Received Prepare
Registering precompiled user dll's ...
Registered in 0.004313 seconds.
Begin MonoManager ReloadAssembly
Native extension for WindowsStandalone target not found
Refreshing native plugins compatible for Editor in 0.78 ms, found 2 plugins.
Preloading 0 native plugins for Editor in 0.00 ms.
Mono: successfully reloaded assembly
- Completed reload, in  1.227 seconds
Domain Reload Profiling:
	ReloadAssembly (1227ms)
		BeginReloadAssembly (208ms)
			ExecutionOrderSort (0ms)
			DisableScriptedObjects (11ms)
			BackupInstance (0ms)
			ReleaseScriptingObjects (0ms)
			CreateAndSetChildDomain (105ms)
		EndReloadAssembly (964ms)
			LoadAssemblies (110ms)
			RebuildTransferFunctionScriptingTraits (0ms)
			SetupTypeCache (277ms)
			ReleaseScriptCaches (1ms)
			RebuildScriptCaches (38ms)
			SetupLoadedEditorAssemblies (426ms)
				LogAssemblyErrors (0ms)
				InitializePlatformSupportModulesInManaged (3ms)
				SetLoadedEditorAssemblies (1ms)
				RefreshPlugins (1ms)
				BeforeProcessingInitializeOnLoad (109ms)
				ProcessInitializeOnLoadAttributes (294ms)
				ProcessInitializeOnLoadMethodAttributes (11ms)
				AfterProcessingInitializeOnLoad (7ms)
				EditorAssembliesLoaded (0ms)
			ExecutionOrderSort2 (0ms)
			AwakeInstancesAfterBackupRestoration (10ms)
Platform modules already initialized, skipping
Switching build target platform(19) subTarget(0) extendedPlatform(0) -> platform(13) subTarget(524288) extendedPlatform(0)
Refreshing native plugins compatible for Editor in 0.83 ms, found 2 plugins.
Preloading 0 native plugins for Editor in 0.00 ms.
Unloading 3272 Unused Serialized files (Serialized files now loaded: 0)
System memory in use before: 157.4 MB.
System memory in use after: 157.6 MB.

Unloading 17 unused Assets to reduce memory usage. Loaded Objects now: 3947.
Total: 4.139500 ms (FindLiveObjects: 0.324000 ms CreateObjectMapping: 0.088900 ms MarkObjects: 3.580500 ms  DeleteObjects: 0.145200 ms)

AssetImportParameters requested are different than current active one (requested -> active):
  custom:framework-win-MediaFoundation: 216162199b28c13a410421893ffa2e32 -> 
  custom:video-decoder-ogg-theora: a1e56fd34408186e4bbccfd4996cb3dc -> 
  custom:container-muxer-webm: aa71ff27fc2769a1b78a27578f13a17b -> 
  custom:container-demuxer-webm: 4f35f7cbe854078d1ac9338744f61a02 -> 
  custom:container-demuxer-ogg: 62fdf1f143b41e24485cea50d1cbac27 -> 
  custom:video-encoder-webm-vp8: eb34c28f22e8b96e1ab97ce403110664 -> 
  custom:video-decoder-webm-vp8: 9c59270c3fd7afecdb556c50c9e8de78 -> 
  custom:graphics/normal-map-encoding: 01000000000000000000000000000000 -> 02000000000000000000000000000000
  custom:audio-decoder-ogg-vorbis: bf7c407c2cedff20999df2af8eb42d56 -> 
  custom:audio-encoder-webm-vorbis: bf7c407c2cedff20999df2af8eb42d56 -> 
========================================================================
Received Import Request.
  Time since last request: 172.434849 seconds.
  path: Assets/Prefabs/Bill-Cypher.prefab
  artifactKey: Guid(668894ae2ce3b584f92934862dfd7e37) Importer(815301076,1909f56bfc062723c751e8b465ee728b)
Start importing Assets/Prefabs/Bill-Cypher.prefab using Guid(668894ae2ce3b584f92934862dfd7e37) Importer(815301076,1909f56bfc062723c751e8b465ee728b)  -> (artifact id: '23b1ea20da5fcb9cfdf2a93c309b4ca3') in 0.163916 seconds 
========================================================================
Received Import Request.
  Time since last request: 257.168308 seconds.
  path: Assets/New Shader Graph.shadergraph
  artifactKey: Guid(1e0f156b16ab30444883193694b42383) Importer(815301076,1909f56bfc062723c751e8b465ee728b)
Start importing Assets/New Shader Graph.shadergraph using Guid(1e0f156b16ab30444883193694b42383) Importer(815301076,1909f56bfc062723c751e8b465ee728b)  -> (artifact id: 'f18b26f1d1dd63e1c78adfbbe275c243') in 0.009886 seconds 
========================================================================
Received Import Request.
  Time since last request: 35.784634 seconds.
  path: Assets/Models/Material/Glitter.shadergraph
  artifactKey: Guid(1e0f156b16ab30444883193694b42383) Importer(815301076,1909f56bfc062723c751e8b465ee728b)
Start importing Assets/Models/Material/Glitter.shadergraph using Guid(1e0f156b16ab30444883193694b42383) Importer(815301076,1909f56bfc062723c751e8b465ee728b)  -> (artifact id: '4e9fb78a717099c259cb9742e22d1ca5') in 0.008226 seconds 
========================================================================
Received Prepare
Registering precompiled user dll's ...
Registered in 0.003809 seconds.
Begin MonoManager ReloadAssembly
Native extension for WindowsStandalone target not found
Refreshing native plugins compatible for Editor in 0.75 ms, found 2 plugins.
Preloading 0 native plugins for Editor in 0.00 ms.
Mono: successfully reloaded assembly
- Completed reload, in  1.063 seconds
Domain Reload Profiling:
	ReloadAssembly (1063ms)
		BeginReloadAssembly (114ms)
			ExecutionOrderSort (0ms)
			DisableScriptedObjects (5ms)
			BackupInstance (0ms)
			ReleaseScriptingObjects (0ms)
			CreateAndSetChildDomain (37ms)
		EndReloadAssembly (896ms)
			LoadAssemblies (92ms)
			RebuildTransferFunctionScriptingTraits (0ms)
			SetupTypeCache (261ms)
			ReleaseScriptCaches (1ms)
			RebuildScriptCaches (37ms)
			SetupLoadedEditorAssemblies (380ms)
				LogAssemblyErrors (0ms)
				InitializePlatformSupportModulesInManaged (3ms)
				SetLoadedEditorAssemblies (0ms)
				RefreshPlugins (1ms)
				BeforeProcessingInitializeOnLoad (85ms)
				ProcessInitializeOnLoadAttributes (275ms)
				ProcessInitializeOnLoadMethodAttributes (10ms)
				AfterProcessingInitializeOnLoad (6ms)
				EditorAssembliesLoaded (0ms)
			ExecutionOrderSort2 (0ms)
			AwakeInstancesAfterBackupRestoration (8ms)
Platform modules already initialized, skipping
Switching build target platform(19) subTarget(0) extendedPlatform(0) -> platform(13) subTarget(524288) extendedPlatform(0)
Refreshing native plugins compatible for Editor in 0.73 ms, found 2 plugins.
Preloading 0 native plugins for Editor in 0.00 ms.
Unloading 3273 Unused Serialized files (Serialized files now loaded: 0)
System memory in use before: 157.8 MB.
System memory in use after: 158.0 MB.

Unloading 17 unused Assets to reduce memory usage. Loaded Objects now: 3987.
Total: 4.032900 ms (FindLiveObjects: 0.294900 ms CreateObjectMapping: 0.089600 ms MarkObjects: 3.558500 ms  DeleteObjects: 0.088900 ms)

AssetImportParameters requested are different than current active one (requested -> active):
  custom:framework-win-MediaFoundation: 216162199b28c13a410421893ffa2e32 -> 
  custom:video-decoder-ogg-theora: a1e56fd34408186e4bbccfd4996cb3dc -> 
  custom:container-muxer-webm: aa71ff27fc2769a1b78a27578f13a17b -> 
  custom:container-demuxer-webm: 4f35f7cbe854078d1ac9338744f61a02 -> 
  custom:container-demuxer-ogg: 62fdf1f143b41e24485cea50d1cbac27 -> 
  custom:video-encoder-webm-vp8: eb34c28f22e8b96e1ab97ce403110664 -> 
  custom:video-decoder-webm-vp8: 9c59270c3fd7afecdb556c50c9e8de78 -> 
  custom:graphics/normal-map-encoding: 01000000000000000000000000000000 -> 02000000000000000000000000000000
  custom:audio-decoder-ogg-vorbis: bf7c407c2cedff20999df2af8eb42d56 -> 
  custom:audio-encoder-webm-vorbis: bf7c407c2cedff20999df2af8eb42d56 -> 
========================================================================
Received Prepare
Registering precompiled user dll's ...
Registered in 0.004634 seconds.
Begin MonoManager ReloadAssembly
Native extension for WindowsStandalone target not found
Refreshing native plugins compatible for Editor in 0.95 ms, found 2 plugins.
Preloading 0 native plugins for Editor in 0.00 ms.
Mono: successfully reloaded assembly
- Completed reload, in  1.254 seconds
Domain Reload Profiling:
	ReloadAssembly (1254ms)
		BeginReloadAssembly (125ms)
			ExecutionOrderSort (0ms)
			DisableScriptedObjects (5ms)
			BackupInstance (0ms)
			ReleaseScriptingObjects (0ms)
			CreateAndSetChildDomain (40ms)
		EndReloadAssembly (1066ms)
			LoadAssemblies (109ms)
			RebuildTransferFunctionScriptingTraits (0ms)
			SetupTypeCache (306ms)
			ReleaseScriptCaches (2ms)
			RebuildScriptCaches (42ms)
			SetupLoadedEditorAssemblies (448ms)
				LogAssemblyErrors (0ms)
				InitializePlatformSupportModulesInManaged (3ms)
				SetLoadedEditorAssemblies (0ms)
				RefreshPlugins (1ms)
				BeforeProcessingInitializeOnLoad (101ms)
				ProcessInitializeOnLoadAttributes (322ms)
				ProcessInitializeOnLoadMethodAttributes (12ms)
				AfterProcessingInitializeOnLoad (7ms)
				EditorAssembliesLoaded (0ms)
			ExecutionOrderSort2 (0ms)
			AwakeInstancesAfterBackupRestoration (10ms)
Platform modules already initialized, skipping
Switching build target platform(19) subTarget(0) extendedPlatform(0) -> platform(13) subTarget(524288) extendedPlatform(0)
Refreshing native plugins compatible for Editor in 0.80 ms, found 2 plugins.
Preloading 0 native plugins for Editor in 0.00 ms.
Unloading 3273 Unused Serialized files (Serialized files now loaded: 0)
System memory in use before: 157.8 MB.
System memory in use after: 158.0 MB.

Unloading 17 unused Assets to reduce memory usage. Loaded Objects now: 3991.
Total: 4.719800 ms (FindLiveObjects: 0.375000 ms CreateObjectMapping: 0.082900 ms MarkObjects: 4.128700 ms  DeleteObjects: 0.132100 ms)

AssetImportParameters requested are different than current active one (requested -> active):
  custom:framework-win-MediaFoundation: 216162199b28c13a410421893ffa2e32 -> 
  custom:video-decoder-ogg-theora: a1e56fd34408186e4bbccfd4996cb3dc -> 
  custom:container-muxer-webm: aa71ff27fc2769a1b78a27578f13a17b -> 
  custom:container-demuxer-webm: 4f35f7cbe854078d1ac9338744f61a02 -> 
  custom:container-demuxer-ogg: 62fdf1f143b41e24485cea50d1cbac27 -> 
  custom:video-encoder-webm-vp8: eb34c28f22e8b96e1ab97ce403110664 -> 
  custom:video-decoder-webm-vp8: 9c59270c3fd7afecdb556c50c9e8de78 -> 
  custom:graphics/normal-map-encoding: 01000000000000000000000000000000 -> 02000000000000000000000000000000
  custom:audio-decoder-ogg-vorbis: bf7c407c2cedff20999df2af8eb42d56 -> 
  custom:audio-encoder-webm-vorbis: bf7c407c2cedff20999df2af8eb42d56 -> 
========================================================================
Received Prepare
Refreshing native plugins compatible for Editor in 4.15 ms, found 2 plugins.
Preloading 0 native plugins for Editor in 0.00 ms.
Unloading 14 Unused Serialized files (Serialized files now loaded: 0)
System memory in use before: 93.0 MB.
System memory in use after: 93.2 MB.

Unloading 13 unused Assets to reduce memory usage. Loaded Objects now: 3992.
Total: 4.805700 ms (FindLiveObjects: 0.360300 ms CreateObjectMapping: 0.089100 ms MarkObjects: 4.283500 ms  DeleteObjects: 0.072000 ms)

AssetImportParameters requested are different than current active one (requested -> active):
  custom:framework-win-MediaFoundation: 216162199b28c13a410421893ffa2e32 -> 
  custom:video-decoder-ogg-theora: a1e56fd34408186e4bbccfd4996cb3dc -> 
  custom:container-muxer-webm: aa71ff27fc2769a1b78a27578f13a17b -> 
  custom:container-demuxer-webm: 4f35f7cbe854078d1ac9338744f61a02 -> 
  custom:container-demuxer-ogg: 62fdf1f143b41e24485cea50d1cbac27 -> 
  custom:video-encoder-webm-vp8: eb34c28f22e8b96e1ab97ce403110664 -> 
  custom:video-decoder-webm-vp8: 9c59270c3fd7afecdb556c50c9e8de78 -> 
  custom:audio-decoder-ogg-vorbis: bf7c407c2cedff20999df2af8eb42d56 -> 
  custom:audio-encoder-webm-vorbis: bf7c407c2cedff20999df2af8eb42d56 -> 
========================================================================
Received Import Request.
  Time since last request: 524.140009 seconds.
  path: Assets/Prefabs/Bill-Cypher.prefab
  artifactKey: Guid(668894ae2ce3b584f92934862dfd7e37) Importer(815301076,1909f56bfc062723c751e8b465ee728b)
Start importing Assets/Prefabs/Bill-Cypher.prefab using Guid(668894ae2ce3b584f92934862dfd7e37) Importer(815301076,1909f56bfc062723c751e8b465ee728b)  -> (artifact id: '96a0ca8a785d2e4d630e931b74d7e82e') in 0.185696 seconds 
========================================================================
Received Import Request.
  Time since last request: 14.084456 seconds.
  path: Packages/com.unity.render-pipelines.universal/Runtime/Materials/ParticlesUnlit.mat
  artifactKey: Guid(e823cd5b5d27c0f4b8256e7c12ee3e6d) Importer(815301076,1909f56bfc062723c751e8b465ee728b)
Start importing Packages/com.unity.render-pipelines.universal/Runtime/Materials/ParticlesUnlit.mat using Guid(e823cd5b5d27c0f4b8256e7c12ee3e6d) Importer(815301076,1909f56bfc062723c751e8b465ee728b)  -> (artifact id: 'a6d3bac30e0c3da08768836858914317') in 0.144917 seconds 
========================================================================
Received Import Request.
  Time since last request: 233.087926 seconds.
  path: Assets/Glow.png
  artifactKey: Guid(d3ee12abe9ea5214590184bd8c71b844) Importer(815301076,1909f56bfc062723c751e8b465ee728b)
Start importing Assets/Glow.png using Guid(d3ee12abe9ea5214590184bd8c71b844) Importer(815301076,1909f56bfc062723c751e8b465ee728b)  -> (artifact id: '420c817e06c676eb9d9768391a645462') in 0.026131 seconds 
========================================================================
Received Import Request.
  Time since last request: 1107.685700 seconds.
  path: Assets/Prefabs/Bill-Cypher.prefab
  artifactKey: Guid(668894ae2ce3b584f92934862dfd7e37) Importer(815301076,1909f56bfc062723c751e8b465ee728b)
Start importing Assets/Prefabs/Bill-Cypher.prefab using Guid(668894ae2ce3b584f92934862dfd7e37) Importer(815301076,1909f56bfc062723c751e8b465ee728b)  -> (artifact id: 'eab501c2fe57991a1d8f44a1c78f4e93') in 0.044870 seconds 
========================================================================
Received Prepare
Refreshing native plugins compatible for Editor in 4.03 ms, found 2 plugins.
Preloading 0 native plugins for Editor in 0.00 ms.
Unloading 14 Unused Serialized files (Serialized files now loaded: 0)
System memory in use before: 97.2 MB.
System memory in use after: 97.4 MB.

Unloading 14 unused Assets to reduce memory usage. Loaded Objects now: 4057.
Total: 21.741500 ms (FindLiveObjects: 0.498400 ms CreateObjectMapping: 0.095900 ms MarkObjects: 21.027600 ms  DeleteObjects: 0.117600 ms)

AssetImportParameters requested are different than current active one (requested -> active):
  custom:framework-win-MediaFoundation: 216162199b28c13a410421893ffa2e32 -> 
  custom:video-decoder-ogg-theora: a1e56fd34408186e4bbccfd4996cb3dc -> 
  custom:container-muxer-webm: aa71ff27fc2769a1b78a27578f13a17b -> 
  custom:container-demuxer-webm: 4f35f7cbe854078d1ac9338744f61a02 -> 
  custom:container-demuxer-ogg: 62fdf1f143b41e24485cea50d1cbac27 -> 
  custom:video-encoder-webm-vp8: eb34c28f22e8b96e1ab97ce403110664 -> 
  custom:video-decoder-webm-vp8: 9c59270c3fd7afecdb556c50c9e8de78 -> 
  custom:audio-decoder-ogg-vorbis: bf7c407c2cedff20999df2af8eb42d56 -> 
  custom:audio-encoder-webm-vorbis: bf7c407c2cedff20999df2af8eb42d56 -> 
AssetImportWorkerClient::OnTransportError - code=2 error=End of file
